E:\Usman\CPPWorkspace\2ndSemester\AmidarProject\Amidar\Debug\Amidar.exe.intermediate.manifest
E:\Usman\CPPWorkspace\2ndSemester\AmidarProject\Amidar\Debug\Amidar.pdb
E:\Usman\CPPWorkspace\2ndSemester\AmidarProject\Amidar\Debug\Amidar.write.1.tlog
E:\USMAN\CPPWORKSPACE\2NDSEMESTER\AMIDARPROJECT\AMIDAR\DEBUG\AMIDARGAME.OBJ
E:\USMAN\CPPWORKSPACE\2NDSEMESTER\AMIDARPROJECT\AMIDAR\DEBUG\AMIDARGAMEPLAY.OBJ
E:\USMAN\CPPWORKSPACE\2NDSEMESTER\AMIDARPROJECT\AMIDAR\DEBUG\BGIOUT.OBJ
E:\Usman\CPPWorkspace\2ndSemester\AmidarProject\Amidar\Debug\cl.command.1.tlog
E:\Usman\CPPWorkspace\2ndSemester\AmidarProject\Amidar\Debug\CL.read.1.tlog
E:\Usman\CPPWorkspace\2ndSemester\AmidarProject\Amidar\Debug\CL.write.1.tlog
E:\USMAN\CPPWORKSPACE\2NDSEMESTER\AMIDARPROJECT\AMIDAR\DEBUG\DIBUTIL.OBJ
E:\USMAN\CPPWORKSPACE\2NDSEMESTER\AMIDARPROJECT\AMIDAR\DEBUG\DRAWING.OBJ
E:\USMAN\CPPWORKSPACE\2NDSEMESTER\AMIDARPROJECT\AMIDAR\DEBUG\FILE.OBJ
E:\USMAN\CPPWORKSPACE\2NDSEMESTER\AMIDARPROJECT\AMIDAR\DEBUG\GAMECONTROLLER.OBJ
E:\Usman\CPPWorkspace\2ndSemester\AmidarProject\Amidar\Debug\link.command.1.tlog
E:\Usman\CPPWorkspace\2ndSemester\AmidarProject\Amidar\Debug\link.read.1.tlog
E:\Usman\CPPWorkspace\2ndSemester\AmidarProject\Amidar\Debug\link.write.1.tlog
E:\USMAN\CPPWORKSPACE\2NDSEMESTER\AMIDARPROJECT\AMIDAR\DEBUG\MAIN.OBJ
E:\USMAN\CPPWORKSPACE\2NDSEMESTER\AMIDARPROJECT\AMIDAR\DEBUG\MISC.OBJ
E:\USMAN\CPPWORKSPACE\2NDSEMESTER\AMIDARPROJECT\AMIDAR\DEBUG\MOUSE.OBJ
E:\USMAN\CPPWORKSPACE\2NDSEMESTER\AMIDARPROJECT\AMIDAR\DEBUG\PAINTBRUSH.OBJ
E:\USMAN\CPPWORKSPACE\2NDSEMESTER\AMIDARPROJECT\AMIDAR\DEBUG\PALETTE.OBJ
E:\USMAN\CPPWORKSPACE\2NDSEMESTER\AMIDARPROJECT\AMIDAR\DEBUG\RECTANGLEAREA.OBJ
E:\USMAN\CPPWORKSPACE\2NDSEMESTER\AMIDARPROJECT\AMIDAR\DEBUG\TEXT.OBJ
E:\Usman\CPPWorkspace\2ndSemester\AmidarProject\Amidar\Debug\vc100.idb
E:\USMAN\CPPWORKSPACE\2NDSEMESTER\AMIDARPROJECT\AMIDAR\DEBUG\VC100.PDB
E:\USMAN\CPPWORKSPACE\2NDSEMESTER\AMIDARPROJECT\AMIDAR\DEBUG\WINBGI.OBJ
E:\USMAN\CPPWORKSPACE\2NDSEMESTER\AMIDARPROJECT\AMIDAR\DEBUG\WINTHREAD.OBJ
